Arguments: 
  D:\Programmes\nodejs\node.exe D:\Programmes\Yarn\bin\yarn.js init react-app markdown_previewer

PATH: 
  C:\Python38\Scripts\;C:\Python38\;C:\Windows\system32;C:\Windows;C:\Windows\System32\Wbem;C:\Windows\System32\WindowsPowerShell\v1.0\;C:\Windows\System32\OpenSSH\;C:\Program Files (x86)\NVIDIA Corporation\PhysX\Common;C:\Program Files\NVIDIA Corporation\NVIDIA NGX;C:\Program Files\NVIDIA Corporation\NVIDIA NvDLISR;D:\Programmes\MinGW\bin;C:\Program Files (x86)\Calibre2\;D:\Programmes\Git\cmd;D:\Programmes\nodejs\;C:\ProgramData\chocolatey\bin;D:\Programmes\Yarn\bin\;D:\Programmes\Sublime Text 3;;%SystemRoot%\system32;%SystemRoot%;%SystemRoot%\System32\Wbem;%SYSTEMROOT%\System32\WindowsPowerShell\v1.0\;%SYSTEMROOT%\System32\OpenSSH\;D:\Programmes\Ruby26-x64\bin;D:\Programmes\RailsInstaller\Git\cmd;D:\Programmes\RailsInstaller\Ruby2.3.3\bin;C:\Users\lysia\AppData\Local\Microsoft\WindowsApps;C:\Users\lysia\AppData\Roaming\npm;C:\Users\lysia\AppData\Local\Yarn\bin;

Yarn version: 
  1.22.4

Node version: 
  12.16.3

Platform: 
  win32 x64

Trace: 
  Error: canceled
      at Interface.<anonymous> (D:\Programmes\Yarn\lib\cli.js:137008:13)
      at Interface.emit (events.js:310:20)
      at Interface._ttyWrite (readline.js:893:16)
      at ReadStream.onkeypress (readline.js:198:10)
      at ReadStream.emit (events.js:310:20)
      at emitKeys (internal/readline/utils.js:438:14)
      at emitKeys.next (<anonymous>)
      at ReadStream.onData (readline.js:1160:36)
      at ReadStream.emit (events.js:310:20)
      at addChunk (_stream_readable.js:286:12)

npm manifest: 
  No manifest

yarn manifest: 
  No manifest

Lockfile: 
  No lockfile
